ERROR : 2015-10-01 22:05:38,885-[TS] http-apr-80-exec-2 - org.hibernate.engine.jdbc.spi.SqlExceptionHelper - Unknown column 'fgh' in 'field list'
org.hibernate.engine.jdbc.spi.SqlExceptionHelper.logExceptions(SqlExceptionHelper.java:144)
ERROR : 2015-10-01 22:05:38,892-[TS] http-apr-80-exec-2 - com.atm.dao.impl.user.UserDAOImpl - update failed
com.atm.dao.impl.user.UserDAOImpl.updateByUser(UserDAOImpl.java:255)
org.hibernate.exception.SQLGrammarException: Unknown column 'fgh' in 'field list'
	at org.hibernate.exception.internal.SQLExceptionTypeDelegate.convert(SQLExceptionTypeDelegate.java:82)
	at org.hibernate.exception.internal.StandardSQLExceptionConverter.convert(StandardSQLExceptionConverter.java:49)
	at org.hibernate.engine.jdbc.spi.SqlExceptionHelper.convert(SqlExceptionHelper.java:125)
	at org.hibernate.engine.jdbc.spi.SqlExceptionHelper.convert(SqlExceptionHelper.java:110)
	at org.hibernate.engine.jdbc.internal.proxy.AbstractStatementProxyHandler.continueInvocation(AbstractStatementProxyHandler.java:129)
	at org.hibernate.engine.jdbc.internal.proxy.AbstractProxyHandler.invoke(AbstractProxyHandler.java:81)
	at com.sun.proxy.$Proxy59.executeUpdate(Unknown Source)
	at org.hibernate.hql.internal.ast.exec.BasicExecutor.execute(BasicExecutor.java:95)
	at org.hibernate.hql.internal.ast.QueryTranslatorImpl.executeUpdate(QueryTranslatorImpl.java:413)
	at org.hibernate.engine.query.spi.HQLQueryPlan.performExecuteUpdate(HQLQueryPlan.java:282)
	at org.hibernate.internal.SessionImpl.executeUpdate(SessionImpl.java:1268)
	at org.hibernate.internal.QueryImpl.executeUpdate(QueryImpl.java:116)
	at com.atm.dao.impl.user.UserDAOImpl.updateByUser(UserDAOImpl.java:253)
	at sun.reflect.NativeMethodAccessorImpl.invoke0(Native Method)
	at sun.reflect.NativeMethodAccessorImpl.invoke(NativeMethodAccessorImpl.java:62)
	at sun.reflect.DelegatingMethodAccessorImpl.invoke(DelegatingMethodAccessorImpl.java:43)
	at java.lang.reflect.Method.invoke(Method.java:497)
	at org.springframework.aop.support.AopUtils.invokeJoinpointUsingReflection(AopUtils.java:317)
	at org.springframework.aop.framework.ReflectiveMethodInvocation.invokeJoinpoint(ReflectiveMethodInvocation.java:190)
	at org.springframework.aop.framework.ReflectiveMethodInvocation.proceed(ReflectiveMethodInvocation.java:157)
	at org.springframework.transaction.interceptor.TransactionInterceptor$1.proceedWithInvocation(TransactionInterceptor.java:98)
	at org.springframework.transaction.interceptor.TransactionAspectSupport.invokeWithinTransaction(TransactionAspectSupport.java:266)
	at org.springframework.transaction.interceptor.TransactionInterceptor.invoke(TransactionInterceptor.java:95)
	at org.springframework.aop.framework.ReflectiveMethodInvocation.proceed(ReflectiveMethodInvocation.java:179)
	at org.springframework.aop.framework.JdkDynamicAopProxy.invoke(JdkDynamicAopProxy.java:207)
	at com.sun.proxy.$Proxy32.updateByUser(Unknown Source)
	at com.atm.service.user.UserService.changePassword(UserService.java:613)
	at com.atm.service.user.UserService$$FastClassBySpringCGLIB$$ebf89ee1.invoke(<generated>)
	at org.springframework.cglib.proxy.MethodProxy.invoke(MethodProxy.java:204)
	at org.springframework.aop.framework.CglibAopProxy$CglibMethodInvocation.invokeJoinpoint(CglibAopProxy.java:717)
	at org.springframework.aop.framework.ReflectiveMethodInvocation.proceed(ReflectiveMethodInvocation.java:157)
	at org.springframework.transaction.interceptor.TransactionInterceptor$1.proceedWithInvocation(TransactionInterceptor.java:98)
	at org.springframework.transaction.interceptor.TransactionAspectSupport.invokeWithinTransaction(TransactionAspectSupport.java:266)
	at org.springframework.transaction.interceptor.TransactionInterceptor.invoke(TransactionInterceptor.java:95)
	at org.springframework.aop.framework.ReflectiveMethodInvocation.proceed(ReflectiveMethodInvocation.java:179)
	at org.springframework.aop.interceptor.ExposeInvocationInterceptor.invoke(ExposeInvocationInterceptor.java:92)
	at org.springframework.aop.framework.ReflectiveMethodInvocation.proceed(ReflectiveMethodInvocation.java:179)
	at org.springframework.aop.framework.CglibAopProxy$DynamicAdvisedInterceptor.intercept(CglibAopProxy.java:653)
	at com.atm.service.user.UserService$$EnhancerBySpringCGLIB$$1a5404b4.changePassword(<generated>)
	at com.atm.action.UserAction.changePassword(UserAction.java:239)
	at sun.reflect.NativeMethodAccessorImpl.invoke0(Native Method)
	at sun.reflect.NativeMethodAccessorImpl.invoke(NativeMethodAccessorImpl.java:62)
	at sun.reflect.DelegatingMethodAccessorImpl.invoke(DelegatingMethodAccessorImpl.java:43)
	at java.lang.reflect.Method.invoke(Method.java:497)
	at com.opensymphony.xwork2.DefaultActionInvocation.invokeAction(DefaultActionInvocation.java:452)
	at com.opensymphony.xwork2.DefaultActionInvocation.invokeActionOnly(DefaultActionInvocation.java:291)
	at com.opensymphony.xwork2.DefaultActionInvocation.invoke(DefaultActionInvocation.java:254)
	at com.opensymphony.xwork2.interceptor.DefaultWorkflowInterceptor.doIntercept(DefaultWorkflowInterceptor.java:176)
	at com.opensymphony.xwork2.interceptor.MethodFilterInterceptor.intercept(MethodFilterInterceptor.java:98)
	at com.opensymphony.xwork2.DefaultActionInvocation.invoke(DefaultActionInvocation.java:248)
	at com.opensymphony.xwork2.validator.ValidationInterceptor.doIntercept(ValidationInterceptor.java:263)
	at org.apache.struts2.interceptor.validation.AnnotationValidationInterceptor.doIntercept(AnnotationValidationInterceptor.java:68)
	at com.opensymphony.xwork2.interceptor.MethodFilterInterceptor.intercept(MethodFilterInterceptor.java:98)
	at com.opensymphony.xwork2.DefaultActionInvocation.invoke(DefaultActionInvocation.java:248)
	at com.opensymphony.xwork2.interceptor.ConversionErrorInterceptor.intercept(ConversionErrorInterceptor.java:133)
	at com.opensymphony.xwork2.DefaultActionInvocation.invoke(DefaultActionInvocation.java:248)
	at com.opensymphony.xwork2.interceptor.ParametersInterceptor.doIntercept(ParametersInterceptor.java:207)
	at com.opensymphony.xwork2.interceptor.MethodFilterInterceptor.intercept(MethodFilterInterceptor.java:98)
	at com.opensymphony.xwork2.DefaultActionInvocation.invoke(DefaultActionInvocation.java:248)
	at com.opensymphony.xwork2.interceptor.ParametersInterceptor.doIntercept(ParametersInterceptor.java:207)
	at com.opensymphony.xwork2.interceptor.MethodFilterInterceptor.intercept(MethodFilterInterceptor.java:98)
	at com.opensymphony.xwork2.DefaultActionInvocation.invoke(DefaultActionInvocation.java:248)
	at com.opensymphony.xwork2.interceptor.StaticParametersInterceptor.intercept(StaticParametersInterceptor.java:190)
	at com.opensymphony.xwork2.DefaultActionInvocation.invoke(DefaultActionInvocation.java:248)
	at org.apache.struts2.interceptor.MultiselectInterceptor.intercept(MultiselectInterceptor.java:75)
	at com.opensymphony.xwork2.DefaultActionInvocation.invoke(DefaultActionInvocation.java:248)
	at org.apache.struts2.interceptor.CheckboxInterceptor.intercept(CheckboxInterceptor.java:94)
	at com.opensymphony.xwork2.DefaultActionInvocation.invoke(DefaultActionInvocation.java:248)
	at org.apache.struts2.interceptor.FileUploadInterceptor.intercept(FileUploadInterceptor.java:243)
	at com.opensymphony.xwork2.DefaultActionInvocation.invoke(DefaultActionInvocation.java:248)
	at com.opensymphony.xwork2.interceptor.ModelDrivenInterceptor.intercept(ModelDrivenInterceptor.java:100)
	at com.opensymphony.xwork2.DefaultActionInvocation.invoke(DefaultActionInvocation.java:248)
	at com.opensymphony.xwork2.interceptor.ScopedModelDrivenInterceptor.intercept(ScopedModelDrivenInterceptor.java:141)
	at com.opensymphony.xwork2.DefaultActionInvocation.invoke(DefaultActionInvocation.java:248)
	at org.apache.struts2.interceptor.debugging.DebuggingInterceptor.intercept(DebuggingInterceptor.java:267)
	at com.opensymphony.xwork2.DefaultActionInvocation.invoke(DefaultActionInvocation.java:248)
	at com.opensymphony.xwork2.interceptor.ChainingInterceptor.intercept(ChainingInterceptor.java:142)
	at com.opensymphony.xwork2.DefaultActionInvocation.invoke(DefaultActionInvocation.java:248)
	at com.opensymphony.xwork2.interceptor.PrepareInterceptor.doIntercept(PrepareInterceptor.java:166)
	at com.opensymphony.xwork2.interceptor.MethodFilterInterceptor.intercept(MethodFilterInterceptor.java:98)
	at com.opensymphony.xwork2.DefaultActionInvocation.invoke(DefaultActionInvocation.java:248)
	at com.opensymphony.xwork2.interceptor.I18nInterceptor.intercept(I18nInterceptor.java:176)
	at com.opensymphony.xwork2.DefaultActionInvocation.invoke(DefaultActionInvocation.java:248)
	at org.apache.struts2.interceptor.ServletConfigInterceptor.intercept(ServletConfigInterceptor.java:164)
	at com.opensymphony.xwork2.DefaultActionInvocation.invoke(DefaultActionInvocation.java:248)
	at com.opensymphony.xwork2.interceptor.AliasInterceptor.intercept(AliasInterceptor.java:190)
	at com.opensymphony.xwork2.DefaultActionInvocation.invoke(DefaultActionInvocation.java:248)
	at com.opensymphony.xwork2.interceptor.ExceptionMappingInterceptor.intercept(ExceptionMappingInterceptor.java:187)
	at com.opensymphony.xwork2.DefaultActionInvocation.invoke(DefaultActionInvocation.java:248)
	at org.apache.struts2.impl.StrutsActionProxy.execute(StrutsActionProxy.java:52)
	at org.apache.struts2.dispatcher.Dispatcher.serviceAction(Dispatcher.java:485)
	at org.apache.struts2.dispatcher.ng.ExecuteOperations.executeAction(ExecuteOperations.java:77)
	at org.apache.struts2.dispatcher.ng.filter.StrutsPrepareAndExecuteFilter.doFilter(StrutsPrepareAndExecuteFilter.java:91)
	at org.apache.catalina.core.ApplicationFilterChain.internalDoFilter(ApplicationFilterChain.java:241)
	at org.apache.catalina.core.ApplicationFilterChain.doFilter(ApplicationFilterChain.java:208)
	at org.apache.catalina.core.StandardWrapperValve.invoke(StandardWrapperValve.java:220)
	at org.apache.catalina.core.StandardContextValve.invoke(StandardContextValve.java:122)
	at org.apache.catalina.authenticator.AuthenticatorBase.invoke(AuthenticatorBase.java:505)
	at org.apache.catalina.core.StandardHostValve.invoke(StandardHostValve.java:170)
	at org.apache.catalina.valves.ErrorReportValve.invoke(ErrorReportValve.java:103)
	at org.apache.catalina.valves.AccessLogValve.invoke(AccessLogValve.java:956)
	at org.apache.catalina.core.StandardEngineValve.invoke(StandardEngineValve.java:116)
	at org.apache.catalina.connector.CoyoteAdapter.service(CoyoteAdapter.java:423)
	at org.apache.coyote.http11.AbstractHttp11Processor.process(AbstractHttp11Processor.java:1079)
	at org.apache.coyote.AbstractProtocol$AbstractConnectionHandler.process(AbstractProtocol.java:625)
	at org.apache.tomcat.util.net.AprEndpoint$SocketProcessor.doRun(AprEndpoint.java:2522)
	at org.apache.tomcat.util.net.AprEndpoint$SocketProcessor.run(AprEndpoint.java:2511)
	at java.util.concurrent.ThreadPoolExecutor.runWorker(ThreadPoolExecutor.java:1142)
	at java.util.concurrent.ThreadPoolExecutor$Worker.run(ThreadPoolExecutor.java:617)
	at org.apache.tomcat.util.threads.TaskThread$WrappingRunnable.run(TaskThread.java:61)
	at java.lang.Thread.run(Thread.java:745)
Caused by: com.mysql.jdbc.exceptions.jdbc4.MySQLSyntaxErrorException: Unknown column 'fgh' in 'field list'
	at sun.reflect.NativeConstructorAccessorImpl.newInstance0(Native Method)
	at sun.reflect.NativeConstructorAccessorImpl.newInstance(NativeConstructorAccessorImpl.java:62)
	at sun.reflect.DelegatingConstructorAccessorImpl.newInstance(DelegatingConstructorAccessorImpl.java:45)
	at java.lang.reflect.Constructor.newInstance(Constructor.java:422)
	at com.mysql.jdbc.Util.handleNewInstance(Util.java:406)
	at com.mysql.jdbc.Util.getInstance(Util.java:381)
	at com.mysql.jdbc.SQLError.createSQLException(SQLError.java:1030)
	at com.mysql.jdbc.SQLError.createSQLException(SQLError.java:956)
	at com.mysql.jdbc.MysqlIO.checkErrorPacket(MysqlIO.java:3515)
	at com.mysql.jdbc.MysqlIO.checkErrorPacket(MysqlIO.java:3447)
	at com.mysql.jdbc.MysqlIO.sendCommand(MysqlIO.java:1951)
	at com.mysql.jdbc.MysqlIO.sqlQueryDirect(MysqlIO.java:2101)
	at com.mysql.jdbc.ConnectionImpl.execSQL(ConnectionImpl.java:2554)
	at com.mysql.jdbc.PreparedStatement.executeInternal(PreparedStatement.java:1761)
	at com.mysql.jdbc.PreparedStatement.executeUpdate(PreparedStatement.java:2046)
	at com.mysql.jdbc.PreparedStatement.executeUpdate(PreparedStatement.java:1964)
	at com.mysql.jdbc.PreparedStatement.executeUpdate(PreparedStatement.java:1949)
	at com.mchange.v2.c3p0.impl.NewProxyPreparedStatement.executeUpdate(NewProxyPreparedStatement.java:105)
	at sun.reflect.NativeMethodAccessorImpl.invoke0(Native Method)
	at sun.reflect.NativeMethodAccessorImpl.invoke(NativeMethodAccessorImpl.java:62)
	at sun.reflect.DelegatingMethodAccessorImpl.invoke(DelegatingMethodAccessorImpl.java:43)
	at java.lang.reflect.Method.invoke(Method.java:497)
	at org.hibernate.engine.jdbc.internal.proxy.AbstractStatementProxyHandler.continueInvocation(AbstractStatementProxyHandler.java:122)
	... 106 more
ERROR : 2015-10-01 22:05:51,593-[TS] http-apr-80-exec-4 - org.hibernate.engine.jdbc.spi.SqlExceptionHelper - Unknown column 'fghhhh' in 'field list'
org.hibernate.engine.jdbc.spi.SqlExceptionHelper.logExceptions(SqlExceptionHelper.java:144)
ERROR : 2015-10-01 22:05:51,595-[TS] http-apr-80-exec-4 - com.atm.dao.impl.user.UserDAOImpl - update failed
com.atm.dao.impl.user.UserDAOImpl.updateByUser(UserDAOImpl.java:255)
org.hibernate.exception.SQLGrammarException: Unknown column 'fghhhh' in 'field list'
	at org.hibernate.exception.internal.SQLExceptionTypeDelegate.convert(SQLExceptionTypeDelegate.java:82)
	at org.hibernate.exception.internal.StandardSQLExceptionConverter.convert(StandardSQLExceptionConverter.java:49)
	at org.hibernate.engine.jdbc.spi.SqlExceptionHelper.convert(SqlExceptionHelper.java:125)
	at org.hibernate.engine.jdbc.spi.SqlExceptionHelper.convert(SqlExceptionHelper.java:110)
	at org.hibernate.engine.jdbc.internal.proxy.AbstractStatementProxyHandler.continueInvocation(AbstractStatementProxyHandler.java:129)
	at org.hibernate.engine.jdbc.internal.proxy.AbstractProxyHandler.invoke(AbstractProxyHandler.java:81)
	at com.sun.proxy.$Proxy59.executeUpdate(Unknown Source)
	at org.hibernate.hql.internal.ast.exec.BasicExecutor.execute(BasicExecutor.java:95)
	at org.hibernate.hql.internal.ast.QueryTranslatorImpl.executeUpdate(QueryTranslatorImpl.java:413)
	at org.hibernate.engine.query.spi.HQLQueryPlan.performExecuteUpdate(HQLQueryPlan.java:282)
	at org.hibernate.internal.SessionImpl.executeUpdate(SessionImpl.java:1268)
	at org.hibernate.internal.QueryImpl.executeUpdate(QueryImpl.java:116)
	at com.atm.dao.impl.user.UserDAOImpl.updateByUser(UserDAOImpl.java:253)
	at sun.reflect.NativeMethodAccessorImpl.invoke0(Native Method)
	at sun.reflect.NativeMethodAccessorImpl.invoke(NativeMethodAccessorImpl.java:62)
	at sun.reflect.DelegatingMethodAccessorImpl.invoke(DelegatingMethodAccessorImpl.java:43)
	at java.lang.reflect.Method.invoke(Method.java:497)
	at org.springframework.aop.support.AopUtils.invokeJoinpointUsingReflection(AopUtils.java:317)
	at org.springframework.aop.framework.ReflectiveMethodInvocation.invokeJoinpoint(ReflectiveMethodInvocation.java:190)
	at org.springframework.aop.framework.ReflectiveMethodInvocation.proceed(ReflectiveMethodInvocation.java:157)
	at org.springframework.transaction.interceptor.TransactionInterceptor$1.proceedWithInvocation(TransactionInterceptor.java:98)
	at org.springframework.transaction.interceptor.TransactionAspectSupport.invokeWithinTransaction(TransactionAspectSupport.java:266)
	at org.springframework.transaction.interceptor.TransactionInterceptor.invoke(TransactionInterceptor.java:95)
	at org.springframework.aop.framework.ReflectiveMethodInvocation.proceed(ReflectiveMethodInvocation.java:179)
	at org.springframework.aop.framework.JdkDynamicAopProxy.invoke(JdkDynamicAopProxy.java:207)
	at com.sun.proxy.$Proxy32.updateByUser(Unknown Source)
	at com.atm.service.user.UserService.changePassword(UserService.java:613)
	at com.atm.service.user.UserService$$FastClassBySpringCGLIB$$ebf89ee1.invoke(<generated>)
	at org.springframework.cglib.proxy.MethodProxy.invoke(MethodProxy.java:204)
	at org.springframework.aop.framework.CglibAopProxy$CglibMethodInvocation.invokeJoinpoint(CglibAopProxy.java:717)
	at org.springframework.aop.framework.ReflectiveMethodInvocation.proceed(ReflectiveMethodInvocation.java:157)
	at org.springframework.transaction.interceptor.TransactionInterceptor$1.proceedWithInvocation(TransactionInterceptor.java:98)
	at org.springframework.transaction.interceptor.TransactionAspectSupport.invokeWithinTransaction(TransactionAspectSupport.java:266)
	at org.springframework.transaction.interceptor.TransactionInterceptor.invoke(TransactionInterceptor.java:95)
	at org.springframework.aop.framework.ReflectiveMethodInvocation.proceed(ReflectiveMethodInvocation.java:179)
	at org.springframework.aop.interceptor.ExposeInvocationInterceptor.invoke(ExposeInvocationInterceptor.java:92)
	at org.springframework.aop.framework.ReflectiveMethodInvocation.proceed(ReflectiveMethodInvocation.java:179)
	at org.springframework.aop.framework.CglibAopProxy$DynamicAdvisedInterceptor.intercept(CglibAopProxy.java:653)
	at com.atm.service.user.UserService$$EnhancerBySpringCGLIB$$1a5404b4.changePassword(<generated>)
	at com.atm.action.UserAction.changePassword(UserAction.java:239)
	at sun.reflect.NativeMethodAccessorImpl.invoke0(Native Method)
	at sun.reflect.NativeMethodAccessorImpl.invoke(NativeMethodAccessorImpl.java:62)
	at sun.reflect.DelegatingMethodAccessorImpl.invoke(DelegatingMethodAccessorImpl.java:43)
	at java.lang.reflect.Method.invoke(Method.java:497)
	at com.opensymphony.xwork2.DefaultActionInvocation.invokeAction(DefaultActionInvocation.java:452)
	at com.opensymphony.xwork2.DefaultActionInvocation.invokeActionOnly(DefaultActionInvocation.java:291)
	at com.opensymphony.xwork2.DefaultActionInvocation.invoke(DefaultActionInvocation.java:254)
	at com.opensymphony.xwork2.interceptor.DefaultWorkflowInterceptor.doIntercept(DefaultWorkflowInterceptor.java:176)
	at com.opensymphony.xwork2.interceptor.MethodFilterInterceptor.intercept(MethodFilterInterceptor.java:98)
	at com.opensymphony.xwork2.DefaultActionInvocation.invoke(DefaultActionInvocation.java:248)
	at com.opensymphony.xwork2.validator.ValidationInterceptor.doIntercept(ValidationInterceptor.java:263)
	at org.apache.struts2.interceptor.validation.AnnotationValidationInterceptor.doIntercept(AnnotationValidationInterceptor.java:68)
	at com.opensymphony.xwork2.interceptor.MethodFilterInterceptor.intercept(MethodFilterInterceptor.java:98)
	at com.opensymphony.xwork2.DefaultActionInvocation.invoke(DefaultActionInvocation.java:248)
	at com.opensymphony.xwork2.interceptor.ConversionErrorInterceptor.intercept(ConversionErrorInterceptor.java:133)
	at com.opensymphony.xwork2.DefaultActionInvocation.invoke(DefaultActionInvocation.java:248)
	at com.opensymphony.xwork2.interceptor.ParametersInterceptor.doIntercept(ParametersInterceptor.java:207)
	at com.opensymphony.xwork2.interceptor.MethodFilterInterceptor.intercept(MethodFilterInterceptor.java:98)
	at com.opensymphony.xwork2.DefaultActionInvocation.invoke(DefaultActionInvocation.java:248)
	at com.opensymphony.xwork2.interceptor.ParametersInterceptor.doIntercept(ParametersInterceptor.java:207)
	at com.opensymphony.xwork2.interceptor.MethodFilterInterceptor.intercept(MethodFilterInterceptor.java:98)
	at com.opensymphony.xwork2.DefaultActionInvocation.invoke(DefaultActionInvocation.java:248)
	at com.opensymphony.xwork2.interceptor.StaticParametersInterceptor.intercept(StaticParametersInterceptor.java:190)
	at com.opensymphony.xwork2.DefaultActionInvocation.invoke(DefaultActionInvocation.java:248)
	at org.apache.struts2.interceptor.MultiselectInterceptor.intercept(MultiselectInterceptor.java:75)
	at com.opensymphony.xwork2.DefaultActionInvocation.invoke(DefaultActionInvocation.java:248)
	at org.apache.struts2.interceptor.CheckboxInterceptor.intercept(CheckboxInterceptor.java:94)
	at com.opensymphony.xwork2.DefaultActionInvocation.invoke(DefaultActionInvocation.java:248)
	at org.apache.struts2.interceptor.FileUploadInterceptor.intercept(FileUploadInterceptor.java:243)
	at com.opensymphony.xwork2.DefaultActionInvocation.invoke(DefaultActionInvocation.java:248)
	at com.opensymphony.xwork2.interceptor.ModelDrivenInterceptor.intercept(ModelDrivenInterceptor.java:100)
	at com.opensymphony.xwork2.DefaultActionInvocation.invoke(DefaultActionInvocation.java:248)
	at com.opensymphony.xwork2.interceptor.ScopedModelDrivenInterceptor.intercept(ScopedModelDrivenInterceptor.java:141)
	at com.opensymphony.xwork2.DefaultActionInvocation.invoke(DefaultActionInvocation.java:248)
	at org.apache.struts2.interceptor.debugging.DebuggingInterceptor.intercept(DebuggingInterceptor.java:267)
	at com.opensymphony.xwork2.DefaultActionInvocation.invoke(DefaultActionInvocation.java:248)
	at com.opensymphony.xwork2.interceptor.ChainingInterceptor.intercept(ChainingInterceptor.java:142)
	at com.opensymphony.xwork2.DefaultActionInvocation.invoke(DefaultActionInvocation.java:248)
	at com.opensymphony.xwork2.interceptor.PrepareInterceptor.doIntercept(PrepareInterceptor.java:166)
	at com.opensymphony.xwork2.interceptor.MethodFilterInterceptor.intercept(MethodFilterInterceptor.java:98)
	at com.opensymphony.xwork2.DefaultActionInvocation.invoke(DefaultActionInvocation.java:248)
	at com.opensymphony.xwork2.interceptor.I18nInterceptor.intercept(I18nInterceptor.java:176)
	at com.opensymphony.xwork2.DefaultActionInvocation.invoke(DefaultActionInvocation.java:248)
	at org.apache.struts2.interceptor.ServletConfigInterceptor.intercept(ServletConfigInterceptor.java:164)
	at com.opensymphony.xwork2.DefaultActionInvocation.invoke(DefaultActionInvocation.java:248)
	at com.opensymphony.xwork2.interceptor.AliasInterceptor.intercept(AliasInterceptor.java:190)
	at com.opensymphony.xwork2.DefaultActionInvocation.invoke(DefaultActionInvocation.java:248)
	at com.opensymphony.xwork2.interceptor.ExceptionMappingInterceptor.intercept(ExceptionMappingInterceptor.java:187)
	at com.opensymphony.xwork2.DefaultActionInvocation.invoke(DefaultActionInvocation.java:248)
	at org.apache.struts2.impl.StrutsActionProxy.execute(StrutsActionProxy.java:52)
	at org.apache.struts2.dispatcher.Dispatcher.serviceAction(Dispatcher.java:485)
	at org.apache.struts2.dispatcher.ng.ExecuteOperations.executeAction(ExecuteOperations.java:77)
	at org.apache.struts2.dispatcher.ng.filter.StrutsPrepareAndExecuteFilter.doFilter(StrutsPrepareAndExecuteFilter.java:91)
	at org.apache.catalina.core.ApplicationFilterChain.internalDoFilter(ApplicationFilterChain.java:241)
	at org.apache.catalina.core.ApplicationFilterChain.doFilter(ApplicationFilterChain.java:208)
	at org.apache.catalina.core.StandardWrapperValve.invoke(StandardWrapperValve.java:220)
	at org.apache.catalina.core.StandardContextValve.invoke(StandardContextValve.java:122)
	at org.apache.catalina.authenticator.AuthenticatorBase.invoke(AuthenticatorBase.java:505)
	at org.apache.catalina.core.StandardHostValve.invoke(StandardHostValve.java:170)
	at org.apache.catalina.valves.ErrorReportValve.invoke(ErrorReportValve.java:103)
	at org.apache.catalina.valves.AccessLogValve.invoke(AccessLogValve.java:956)
	at org.apache.catalina.core.StandardEngineValve.invoke(StandardEngineValve.java:116)
	at org.apache.catalina.connector.CoyoteAdapter.service(CoyoteAdapter.java:423)
	at org.apache.coyote.http11.AbstractHttp11Processor.process(AbstractHttp11Processor.java:1079)
	at org.apache.coyote.AbstractProtocol$AbstractConnectionHandler.process(AbstractProtocol.java:625)
	at org.apache.tomcat.util.net.AprEndpoint$SocketProcessor.doRun(AprEndpoint.java:2522)
	at org.apache.tomcat.util.net.AprEndpoint$SocketProcessor.run(AprEndpoint.java:2511)
	at java.util.concurrent.ThreadPoolExecutor.runWorker(ThreadPoolExecutor.java:1142)
	at java.util.concurrent.ThreadPoolExecutor$Worker.run(ThreadPoolExecutor.java:617)
	at org.apache.tomcat.util.threads.TaskThread$WrappingRunnable.run(TaskThread.java:61)
	at java.lang.Thread.run(Thread.java:745)
Caused by: com.mysql.jdbc.exceptions.jdbc4.MySQLSyntaxErrorException: Unknown column 'fghhhh' in 'field list'
	at sun.reflect.NativeConstructorAccessorImpl.newInstance0(Native Method)
	at sun.reflect.NativeConstructorAccessorImpl.newInstance(NativeConstructorAccessorImpl.java:62)
	at sun.reflect.DelegatingConstructorAccessorImpl.newInstance(DelegatingConstructorAccessorImpl.java:45)
	at java.lang.reflect.Constructor.newInstance(Constructor.java:422)
	at com.mysql.jdbc.Util.handleNewInstance(Util.java:406)
	at com.mysql.jdbc.Util.getInstance(Util.java:381)
	at com.mysql.jdbc.SQLError.createSQLException(SQLError.java:1030)
	at com.mysql.jdbc.SQLError.createSQLException(SQLError.java:956)
	at com.mysql.jdbc.MysqlIO.checkErrorPacket(MysqlIO.java:3515)
	at com.mysql.jdbc.MysqlIO.checkErrorPacket(MysqlIO.java:3447)
	at com.mysql.jdbc.MysqlIO.sendCommand(MysqlIO.java:1951)
	at com.mysql.jdbc.MysqlIO.sqlQueryDirect(MysqlIO.java:2101)
	at com.mysql.jdbc.ConnectionImpl.execSQL(ConnectionImpl.java:2554)
	at com.mysql.jdbc.PreparedStatement.executeInternal(PreparedStatement.java:1761)
	at com.mysql.jdbc.PreparedStatement.executeUpdate(PreparedStatement.java:2046)
	at com.mysql.jdbc.PreparedStatement.executeUpdate(PreparedStatement.java:1964)
	at com.mysql.jdbc.PreparedStatement.executeUpdate(PreparedStatement.java:1949)
	at com.mchange.v2.c3p0.impl.NewProxyPreparedStatement.executeUpdate(NewProxyPreparedStatement.java:105)
	at sun.reflect.NativeMethodAccessorImpl.invoke0(Native Method)
	at sun.reflect.NativeMethodAccessorImpl.invoke(NativeMethodAccessorImpl.java:62)
	at sun.reflect.DelegatingMethodAccessorImpl.invoke(DelegatingMethodAccessorImpl.java:43)
	at java.lang.reflect.Method.invoke(Method.java:497)
	at org.hibernate.engine.jdbc.internal.proxy.AbstractStatementProxyHandler.continueInvocation(AbstractStatementProxyHandler.java:122)
	... 106 more
ERROR : 2015-10-01 22:06:00,575-[TS] http-apr-80-exec-6 - org.hibernate.engine.jdbc.spi.SqlExceptionHelper - Unknown column 'fghhhh45' in 'field list'
org.hibernate.engine.jdbc.spi.SqlExceptionHelper.logExceptions(SqlExceptionHelper.java:144)
ERROR : 2015-10-01 22:06:00,576-[TS] http-apr-80-exec-6 - com.atm.dao.impl.user.UserDAOImpl - update failed
com.atm.dao.impl.user.UserDAOImpl.updateByUser(UserDAOImpl.java:255)
org.hibernate.exception.SQLGrammarException: Unknown column 'fghhhh45' in 'field list'
	at org.hibernate.exception.internal.SQLExceptionTypeDelegate.convert(SQLExceptionTypeDelegate.java:82)
	at org.hibernate.exception.internal.StandardSQLExceptionConverter.convert(StandardSQLExceptionConverter.java:49)
	at org.hibernate.engine.jdbc.spi.SqlExceptionHelper.convert(SqlExceptionHelper.java:125)
	at org.hibernate.engine.jdbc.spi.SqlExceptionHelper.convert(SqlExceptionHelper.java:110)
	at org.hibernate.engine.jdbc.internal.proxy.AbstractStatementProxyHandler.continueInvocation(AbstractStatementProxyHandler.java:129)
	at org.hibernate.engine.jdbc.internal.proxy.AbstractProxyHandler.invoke(AbstractProxyHandler.java:81)
	at com.sun.proxy.$Proxy59.executeUpdate(Unknown Source)
	at org.hibernate.hql.internal.ast.exec.BasicExecutor.execute(BasicExecutor.java:95)
	at org.hibernate.hql.internal.ast.QueryTranslatorImpl.executeUpdate(QueryTranslatorImpl.java:413)
	at org.hibernate.engine.query.spi.HQLQueryPlan.performExecuteUpdate(HQLQueryPlan.java:282)
	at org.hibernate.internal.SessionImpl.executeUpdate(SessionImpl.java:1268)
	at org.hibernate.internal.QueryImpl.executeUpdate(QueryImpl.java:116)
	at com.atm.dao.impl.user.UserDAOImpl.updateByUser(UserDAOImpl.java:253)
	at sun.reflect.NativeMethodAccessorImpl.invoke0(Native Method)
	at sun.reflect.NativeMethodAccessorImpl.invoke(NativeMethodAccessorImpl.java:62)
	at sun.reflect.DelegatingMethodAccessorImpl.invoke(DelegatingMethodAccessorImpl.java:43)
	at java.lang.reflect.Method.invoke(Method.java:497)
	at org.springframework.aop.support.AopUtils.invokeJoinpointUsingReflection(AopUtils.java:317)
	at org.springframework.aop.framework.ReflectiveMethodInvocation.invokeJoinpoint(ReflectiveMethodInvocation.java:190)
	at org.springframework.aop.framework.ReflectiveMethodInvocation.proceed(ReflectiveMethodInvocation.java:157)
	at org.springframework.transaction.interceptor.TransactionInterceptor$1.proceedWithInvocation(TransactionInterceptor.java:98)
	at org.springframework.transaction.interceptor.TransactionAspectSupport.invokeWithinTransaction(TransactionAspectSupport.java:266)
	at org.springframework.transaction.interceptor.TransactionInterceptor.invoke(TransactionInterceptor.java:95)
	at org.springframework.aop.framework.ReflectiveMethodInvocation.proceed(ReflectiveMethodInvocation.java:179)
	at org.springframework.aop.framework.JdkDynamicAopProxy.invoke(JdkDynamicAopProxy.java:207)
	at com.sun.proxy.$Proxy32.updateByUser(Unknown Source)
	at com.atm.service.user.UserService.changePassword(UserService.java:613)
	at com.atm.service.user.UserService$$FastClassBySpringCGLIB$$ebf89ee1.invoke(<generated>)
	at org.springframework.cglib.proxy.MethodProxy.invoke(MethodProxy.java:204)
	at org.springframework.aop.framework.CglibAopProxy$CglibMethodInvocation.invokeJoinpoint(CglibAopProxy.java:717)
	at org.springframework.aop.framework.ReflectiveMethodInvocation.proceed(ReflectiveMethodInvocation.java:157)
	at org.springframework.transaction.interceptor.TransactionInterceptor$1.proceedWithInvocation(TransactionInterceptor.java:98)
	at org.springframework.transaction.interceptor.TransactionAspectSupport.invokeWithinTransaction(TransactionAspectSupport.java:266)
	at org.springframework.transaction.interceptor.TransactionInterceptor.invoke(TransactionInterceptor.java:95)
	at org.springframework.aop.framework.ReflectiveMethodInvocation.proceed(ReflectiveMethodInvocation.java:179)
	at org.springframework.aop.interceptor.ExposeInvocationInterceptor.invoke(ExposeInvocationInterceptor.java:92)
	at org.springframework.aop.framework.ReflectiveMethodInvocation.proceed(ReflectiveMethodInvocation.java:179)
	at org.springframework.aop.framework.CglibAopProxy$DynamicAdvisedInterceptor.intercept(CglibAopProxy.java:653)
	at com.atm.service.user.UserService$$EnhancerBySpringCGLIB$$1a5404b4.changePassword(<generated>)
	at com.atm.action.UserAction.changePassword(UserAction.java:239)
	at sun.reflect.NativeMethodAccessorImpl.invoke0(Native Method)
	at sun.reflect.NativeMethodAccessorImpl.invoke(NativeMethodAccessorImpl.java:62)
	at sun.reflect.DelegatingMethodAccessorImpl.invoke(DelegatingMethodAccessorImpl.java:43)
	at java.lang.reflect.Method.invoke(Method.java:497)
	at com.opensymphony.xwork2.DefaultActionInvocation.invokeAction(DefaultActionInvocation.java:452)
	at com.opensymphony.xwork2.DefaultActionInvocation.invokeActionOnly(DefaultActionInvocation.java:291)
	at com.opensymphony.xwork2.DefaultActionInvocation.invoke(DefaultActionInvocation.java:254)
	at com.opensymphony.xwork2.interceptor.DefaultWorkflowInterceptor.doIntercept(DefaultWorkflowInterceptor.java:176)
	at com.opensymphony.xwork2.interceptor.MethodFilterInterceptor.intercept(MethodFilterInterceptor.java:98)
	at com.opensymphony.xwork2.DefaultActionInvocation.invoke(DefaultActionInvocation.java:248)
	at com.opensymphony.xwork2.validator.ValidationInterceptor.doIntercept(ValidationInterceptor.java:263)
	at org.apache.struts2.interceptor.validation.AnnotationValidationInterceptor.doIntercept(AnnotationValidationInterceptor.java:68)
	at com.opensymphony.xwork2.interceptor.MethodFilterInterceptor.intercept(MethodFilterInterceptor.java:98)
	at com.opensymphony.xwork2.DefaultActionInvocation.invoke(DefaultActionInvocation.java:248)
	at com.opensymphony.xwork2.interceptor.ConversionErrorInterceptor.intercept(ConversionErrorInterceptor.java:133)
	at com.opensymphony.xwork2.DefaultActionInvocation.invoke(DefaultActionInvocation.java:248)
	at com.opensymphony.xwork2.interceptor.ParametersInterceptor.doIntercept(ParametersInterceptor.java:207)
	at com.opensymphony.xwork2.interceptor.MethodFilterInterceptor.intercept(MethodFilterInterceptor.java:98)
	at com.opensymphony.xwork2.DefaultActionInvocation.invoke(DefaultActionInvocation.java:248)
	at com.opensymphony.xwork2.interceptor.ParametersInterceptor.doIntercept(ParametersInterceptor.java:207)
	at com.opensymphony.xwork2.interceptor.MethodFilterInterceptor.intercept(MethodFilterInterceptor.java:98)
	at com.opensymphony.xwork2.DefaultActionInvocation.invoke(DefaultActionInvocation.java:248)
	at com.opensymphony.xwork2.interceptor.StaticParametersInterceptor.intercept(StaticParametersInterceptor.java:190)
	at com.opensymphony.xwork2.DefaultActionInvocation.invoke(DefaultActionInvocation.java:248)
	at org.apache.struts2.interceptor.MultiselectInterceptor.intercept(MultiselectInterceptor.java:75)
	at com.opensymphony.xwork2.DefaultActionInvocation.invoke(DefaultActionInvocation.java:248)
	at org.apache.struts2.interceptor.CheckboxInterceptor.intercept(CheckboxInterceptor.java:94)
	at com.opensymphony.xwork2.DefaultActionInvocation.invoke(DefaultActionInvocation.java:248)
	at org.apache.struts2.interceptor.FileUploadInterceptor.intercept(FileUploadInterceptor.java:243)
	at com.opensymphony.xwork2.DefaultActionInvocation.invoke(DefaultActionInvocation.java:248)
	at com.opensymphony.xwork2.interceptor.ModelDrivenInterceptor.intercept(ModelDrivenInterceptor.java:100)
	at com.opensymphony.xwork2.DefaultActionInvocation.invoke(DefaultActionInvocation.java:248)
	at com.opensymphony.xwork2.interceptor.ScopedModelDrivenInterceptor.intercept(ScopedModelDrivenInterceptor.java:141)
	at com.opensymphony.xwork2.DefaultActionInvocation.invoke(DefaultActionInvocation.java:248)
	at org.apache.struts2.interceptor.debugging.DebuggingInterceptor.intercept(DebuggingInterceptor.java:267)
	at com.opensymphony.xwork2.DefaultActionInvocation.invoke(DefaultActionInvocation.java:248)
	at com.opensymphony.xwork2.interceptor.ChainingInterceptor.intercept(ChainingInterceptor.java:142)
	at com.opensymphony.xwork2.DefaultActionInvocation.invoke(DefaultActionInvocation.java:248)
	at com.opensymphony.xwork2.interceptor.PrepareInterceptor.doIntercept(PrepareInterceptor.java:166)
	at com.opensymphony.xwork2.interceptor.MethodFilterInterceptor.intercept(MethodFilterInterceptor.java:98)
	at com.opensymphony.xwork2.DefaultActionInvocation.invoke(DefaultActionInvocation.java:248)
	at com.opensymphony.xwork2.interceptor.I18nInterceptor.intercept(I18nInterceptor.java:176)
	at com.opensymphony.xwork2.DefaultActionInvocation.invoke(DefaultActionInvocation.java:248)
	at org.apache.struts2.interceptor.ServletConfigInterceptor.intercept(ServletConfigInterceptor.java:164)
	at com.opensymphony.xwork2.DefaultActionInvocation.invoke(DefaultActionInvocation.java:248)
	at com.opensymphony.xwork2.interceptor.AliasInterceptor.intercept(AliasInterceptor.java:190)
	at com.opensymphony.xwork2.DefaultActionInvocation.invoke(DefaultActionInvocation.java:248)
	at com.opensymphony.xwork2.interceptor.ExceptionMappingInterceptor.intercept(ExceptionMappingInterceptor.java:187)
	at com.opensymphony.xwork2.DefaultActionInvocation.invoke(DefaultActionInvocation.java:248)
	at org.apache.struts2.impl.StrutsActionProxy.execute(StrutsActionProxy.java:52)
	at org.apache.struts2.dispatcher.Dispatcher.serviceAction(Dispatcher.java:485)
	at org.apache.struts2.dispatcher.ng.ExecuteOperations.executeAction(ExecuteOperations.java:77)
	at org.apache.struts2.dispatcher.ng.filter.StrutsPrepareAndExecuteFilter.doFilter(StrutsPrepareAndExecuteFilter.java:91)
	at org.apache.catalina.core.ApplicationFilterChain.internalDoFilter(ApplicationFilterChain.java:241)
	at org.apache.catalina.core.ApplicationFilterChain.doFilter(ApplicationFilterChain.java:208)
	at org.apache.catalina.core.StandardWrapperValve.invoke(StandardWrapperValve.java:220)
	at org.apache.catalina.core.StandardContextValve.invoke(StandardContextValve.java:122)
	at org.apache.catalina.authenticator.AuthenticatorBase.invoke(AuthenticatorBase.java:505)
	at org.apache.catalina.core.StandardHostValve.invoke(StandardHostValve.java:170)
	at org.apache.catalina.valves.ErrorReportValve.invoke(ErrorReportValve.java:103)
	at org.apache.catalina.valves.AccessLogValve.invoke(AccessLogValve.java:956)
	at org.apache.catalina.core.StandardEngineValve.invoke(StandardEngineValve.java:116)
	at org.apache.catalina.connector.CoyoteAdapter.service(CoyoteAdapter.java:423)
	at org.apache.coyote.http11.AbstractHttp11Processor.process(AbstractHttp11Processor.java:1079)
	at org.apache.coyote.AbstractProtocol$AbstractConnectionHandler.process(AbstractProtocol.java:625)
	at org.apache.tomcat.util.net.AprEndpoint$SocketProcessor.doRun(AprEndpoint.java:2522)
	at org.apache.tomcat.util.net.AprEndpoint$SocketProcessor.run(AprEndpoint.java:2511)
	at java.util.concurrent.ThreadPoolExecutor.runWorker(ThreadPoolExecutor.java:1142)
	at java.util.concurrent.ThreadPoolExecutor$Worker.run(ThreadPoolExecutor.java:617)
	at org.apache.tomcat.util.threads.TaskThread$WrappingRunnable.run(TaskThread.java:61)
	at java.lang.Thread.run(Thread.java:745)
Caused by: com.mysql.jdbc.exceptions.jdbc4.MySQLSyntaxErrorException: Unknown column 'fghhhh45' in 'field list'
	at sun.reflect.NativeConstructorAccessorImpl.newInstance0(Native Method)
	at sun.reflect.NativeConstructorAccessorImpl.newInstance(NativeConstructorAccessorImpl.java:62)
	at sun.reflect.DelegatingConstructorAccessorImpl.newInstance(DelegatingConstructorAccessorImpl.java:45)
	at java.lang.reflect.Constructor.newInstance(Constructor.java:422)
	at com.mysql.jdbc.Util.handleNewInstance(Util.java:406)
	at com.mysql.jdbc.Util.getInstance(Util.java:381)
	at com.mysql.jdbc.SQLError.createSQLException(SQLError.java:1030)
	at com.mysql.jdbc.SQLError.createSQLException(SQLError.java:956)
	at com.mysql.jdbc.MysqlIO.checkErrorPacket(MysqlIO.java:3515)
	at com.mysql.jdbc.MysqlIO.checkErrorPacket(MysqlIO.java:3447)
	at com.mysql.jdbc.MysqlIO.sendCommand(MysqlIO.java:1951)
	at com.mysql.jdbc.MysqlIO.sqlQueryDirect(MysqlIO.java:2101)
	at com.mysql.jdbc.ConnectionImpl.execSQL(ConnectionImpl.java:2554)
	at com.mysql.jdbc.PreparedStatement.executeInternal(PreparedStatement.java:1761)
	at com.mysql.jdbc.PreparedStatement.executeUpdate(PreparedStatement.java:2046)
	at com.mysql.jdbc.PreparedStatement.executeUpdate(PreparedStatement.java:1964)
	at com.mysql.jdbc.PreparedStatement.executeUpdate(PreparedStatement.java:1949)
	at com.mchange.v2.c3p0.impl.NewProxyPreparedStatement.executeUpdate(NewProxyPreparedStatement.java:105)
	at sun.reflect.NativeMethodAccessorImpl.invoke0(Native Method)
	at sun.reflect.NativeMethodAccessorImpl.invoke(NativeMethodAccessorImpl.java:62)
	at sun.reflect.DelegatingMethodAccessorImpl.invoke(DelegatingMethodAccessorImpl.java:43)
	at java.lang.reflect.Method.invoke(Method.java:497)
	at org.hibernate.engine.jdbc.internal.proxy.AbstractStatementProxyHandler.continueInvocation(AbstractStatementProxyHandler.java:122)
	... 106 more
